>>>初始调用
[2017-11-08 19:28:23.079246] - -  1.php BS_CustShowModel_getCstoreData (status=0&data=()&params=(0=1&1=北京迪日石油化工有限公司&2=91110116MA00GAB87D)) logid=1510140503072_54064062 rpclogid=151014050307214848
[2017-11-08 19:28:23.134280] - -  1.php BS_CustShowModel_saveCustDatas (status=0&params=(0=19999999&1=v_zhangshuxin01&2=(idType=1&vType=10&company=北京迪日石油化工有限公司&describe=北京迪日石油化工有限公司))) logid=1510140503072_54064062 rpclogid=151014050307214848
[2017-11-08 19:28:23.134531] - -  1.php BS_CustShowModel_changeData (status=0&params=(0=1&1=19999999&2=1&3=10&4=北京迪日石油化工有限公司&5=v_zhangshuxin01&6=&7=91110116MA00GAB87D&8=)) logid=1510140503072_54064062 rpclogid=151014050307214848


>>>>添加任务后调用一次
[2017-11-08 19:28:24.624984] - 15101405039690  /home/users/v_zhangshuxin01/defensor/cxtools//../vlibrary//AsyTask/Callback.php BS_CustShowModel_getCstoreData (status=0&data=()&params=(0=1&1=北京迪日石油化工有限公司&2=91110116MA00GAB87D)) logid=1510140504618_23010154 rpclogid=151014050461904288
[2017-11-08 19:28:24.626173] - 15101405039690  /home/users/v_zhangshuxin01/defensor/cxtools//../vlibrary//AsyTask/Callback.php BS_CustShowModel_showDataAsync (status=3&errmsg=获取官方数据为空&params=(0=1&1=v_zhangshuxin01&2=19999999&3=91110116MA00GAB87D&4=(idType=1&vType=10&company=北京迪日石油化工有限公司&describe=北京迪日石油化工有限公司)&5=)) logid=1510140504618_23010154 rpclogid=151014050461904288
    tryTimes=0
    ===tryTimes = 1; 判断warning



   >>>>重试第一次  
[2017-11-08 19:28:31.747942] - 15101405048579  /home/users/v_zhangshuxin01/defensor/cxtools//../vlibrary//AsyTask/Callback.php BS_CustShowModel_getCstoreData (status=0&data=()&params=(0=1&1=北京迪日石油化工有限公司&2=91110116MA00GAB87D)) logid=1510140511740_74404507 rpclogid=151014051174100640
[2017-11-08 19:28:31.749169] - 15101405048579  /home/users/v_zhangshuxin01/defensor/cxtools//../vlibrary//AsyTask/Callback.php BS_CustShowModel_showDataAsync (status=3&errmsg=获取官方数据为空&params=(0=1&1=v_zhangshuxin01&2=19999999&3=91110116MA00GAB87D&4=(idType=1&vType=10&company=北京迪日石油化工有限公司&describe=北京迪日石油化工有限公司)&5=)) logid=1510140511740_74404507 rpclogid=151014051174100640
   tryTimes = 1 
    === trytimes=2  判断warning


 >>>>重试第二次  
[2017-11-08 19:28:38.871889] - 15101405119810  /home/users/v_zhangshuxin01/defensor/cxtools//../vlibrary//AsyTask/Callback.php BS_CustShowModel_getCstoreData (status=0&data=()&params=(0=1&1=北京迪日石油化工有限公司&2=91110116MA00GAB87D)) logid=1510140518865_33622290 rpclogid=151014051886549056
[2017-11-08 19:28:38.873183] - 15101405119810  /home/users/v_zhangshuxin01/defensor/cxtools//../vlibrary//AsyTask/Callback.php BS_CustShowModel_showDataAsync (status=3&errmsg=获取官方数据为空&params=(0=1&1=v_zhangshuxin01&2=19999999&3=91110116MA00GAB87D&4=(idType=1&vType=10&company=北京迪日石油化工有限公司&describe=北京迪日石油化工有限公司)&5=)) logid=1510140518865_33622290 rpclogid=151014051886549056
tryTimes = 2 判断 warning
===tryTimes = 3


  >>>>>重试第三次
[2017-11-08 19:28:50.981734] - 15101405191049  /home/users/v_zhangshuxin01/defensor/cxtools//../vlibrary//AsyTask/Callback.php BS_CustShowModel_getCstoreData (status=0&data=()&params=(0=1&1=北京迪日石油化工有限公司&2=91110116MA00GAB87D)) logid=1510140530975_47251522 rpclogid=151014053097525120
[2017-11-08 19:28:50.982991] - 15101405191049  /home/users/v_zhangshuxin01/defensor/cxtools//../vlibrary//AsyTask/Callback.php BS_CustShowModel_showDataAsync (status=3&errmsg=获取官方数据为空&params=(0=1&1=v_zhangshuxin01&2=19999999&3=91110116MA00GAB87D&4=(idType=1&vType=10&company=北京迪日石油化工有限公司&describe=北京迪日石油化工有限公司)&5=)) logid=1510140530975_47251522 rpclogid=151014053097525120
====tryTImes = 3   判断error


