23376607
23496206
9806519
23376607
9806519
19894705
23576028
23496206
23386393
19894705
23576028
23386393
23576028
23577730
23576028
19894705
19894705
19894705
23576028
23577730
19894705
19894705
23576028
19894705
23576028
23578860
23576028
23576028
23562841
23578860
23576028
23585676
23578860
7700074
7700074
23562841
3061619
23585676
23578860
23578860
3061619
23578860
23578860
23578860
18628346
18628346
18628346
18628346
18628346
18628346
18628346
18628346
18628346
18628346
23590025
23590025
23578860
18120921
18120921
23578860
23578860
23578860
22882116
22882116
23576028
23576028
23597729
23597729
23389254
23389254
22282507
23576028
22282507
23576028
21554103
20793974
23389254
21554103
20793974
23389254
23578860
23184649
23389254
20793974
23184649
23389254
23389254
23389254
23578860
20793974
20793974
20793974
23664560
23664560
23661793
23661793
23665293
23665293
23665293
23665293
23665293
23389254
11045420
11045420
23389254
11045420
23376607
23376607
23376607
23376607
23376607
23376607
23578860
23389254
23578860
23578860
23389254
23389254
11045420
23578860
23673879
23673879
23673879
23673879
23389254
6595401
6595401
6595401
6595401
6595401
23690425
6595401
23690425
23690425
23690425
23693304
23693304
21554103
21554103
23705713
23692943
23692943
23705713
20793974
20793974
23590025
23691319
23705713
23703462
23703462
23705713
2999967
22684217
23590025
23691319
23691319
23693304
23590025
23693304
23691319
23590025
2999967
22684217
21930517
23698366
23698366
23692943
23692943
23705713
23692943
23698366
23698366
23705713
23692943
23337983
23705713
23692943
23705713
23337983
23692943
23692943
23692943
23692943
23337983
23690425
23692943
23337983
23690425
23698366
23698366
23698366
23750191
23692943
23750191
23698366
23750191
23692943
23698366
23692943
23698366
23692943
23698366
23750191
23698366
23692943
23692943
23705713
23705713
23705713
23764508
7040841
7040841
23705713
7040841
23764508
7040841
23769665
23769665
23770713
23770713
23769665
23769665
23770713
23770713
23617987
23778339
23778339
23778339
23778339
23617987
23784544
23770713
23784544
23770713
23784544
23784544
23784544
23784544
23778339
23778339
23220959
23220959
23770713
23778339
23770713
23778339
23811414
23693304
23812462
23770713
23811414
23693304
23812462
23770713
21930517
23770713
23812462
21930517
23770713
23812462
23811414
23812462
23811414
23812462
23784544
23666298
10170690
6318505
23784544
23784544
23786895
23666298
10170690
6318505
23786895
23784544
20839908
20839908
22822230
23833622
22822230
23833622
6336099
6318505
7700074
23666298
6336099
6318505
6336099
23666298
7700074
6336099
6336099
20793974
6336099
20793974
23666298
23779686
23779686
23666298
23220959
23337983
23138141
21930517
23690425
23857061
23138141
23690425
23857061
23857061
23857061
23337983
20839908
23868150
20300697
23690425
20839908
20300697
23868150
23868150
23690425
23575266
23868150
21554103
23575266
21554103
21554103
21554103
21554103
21554103
23868150
23868150
23868150
23897767
23868150
23897767
20300697
20300697
7700074
7700074
23897767
23897767
18628346
18628346
18628346
18628346
18628346
18628346
18628346
23897767
18628346
18628346
18628346
18628346
18628346
18628346
18628346
23897767
23915034
23915034
23915034
18252140
23915034
18252140
20162786
20162786
23915034
23915034
7700074
23856910
23932034
23856910
23303174
23932034
7700074
7700074
23303174
7700074
23915034
23915034
23856910
23856910
6595401
21930517
23856910
23856910
6595401
21930517
